<?xml version="1.0" encoding="UTF-8"?>
<testng-results ignored="0" total="1" passed="1" failed="0" skipped="0">
  <reporter-output>
  </reporter-output>
  <suite started-at="2020-09-08T17:02:26Z" name="Default suite" finished-at="2020-09-08T17:03:12Z" duration-ms="46293">
    <groups>
    </groups>
    <test started-at="2020-09-08T17:02:26Z" name="Default test" finished-at="2020-09-08T17:03:12Z" duration-ms="46293">
      <class name="Test.TestfreshthymeApplication">
        <test-method is-config="true" signature="launchBrowser()[pri:0, instance:Test.TestfreshthymeApplication@2f112965]" started-at="2020-09-08T17:02:26Z" name="launchBrowser" finished-at="2020-09-08T17:02:42Z" duration-ms="16309" status="PASS">
          <reporter-output>
          </reporter-output>
        </test-method> <!-- launchBrowser -->
        <test-method signature="login()[pri:0, instance:Test.TestfreshthymeApplication@2f112965]" started-at="2020-09-08T17:02:42Z" name="login" finished-at="2020-09-08T17:03:09Z" duration-ms="26907" status="PASS">
          <reporter-output>
          </reporter-output>
        </test-method> <!-- login -->
        <test-method is-config="true" signature="closeBrowser()[pri:0, instance:Test.TestfreshthymeApplication@2f112965]" started-at="2020-09-08T17:03:09Z" name="closeBrowser" finished-at="2020-09-08T17:03:12Z" duration-ms="2961" status="PASS">
          <reporter-output>
          </reporter-output>
        </test-method> <!-- closeBrowser -->
      </class> <!-- Test.TestfreshthymeApplication -->
    </test> <!-- Default test -->
  </suite> <!-- Default suite -->
</testng-results>
